# JRE version: Java(TM) SE Runtime Environment (9.0+11) (build 9.0.4+11)
# Java VM: Java HotSpot(TM) 64-Bit Server VM (9.0.4+11, mixed mode, tiered, compressed oops, g1 gc, windows-amd64)
Heap:
 garbage-first heap   total 385024K, used 81559K [0x0000000700000000, 0x0000000700100bc0, 0x00000007c0000000)
  region size 1024K, 3 young (3072K), 2 survivors (2048K)
 Metaspace       used 85613K, capacity 91752K, committed 92060K, reserved 1128448K
  class space    used 11550K, capacity 12634K, committed 12700K, reserved 1048576K
GC Heap History (10 events):
Event: 2904.444 GC heap before
{Heap before GC invocations=646 (full 231):
 garbage-first heap   total 385024K, used 140238K [0x0000000700000000, 0x0000000700100bc0, 0x00000007c0000000)
  region size 1024K, 60 young (61440K), 2 survivors (2048K)
 Metaspace       used 85279K, capacity 91362K, committed 91420K, reserved 1128448K
  class space    used 11507K, capacity 12569K, committed 12572K, reserved 1048576K
}
Event: 2904.446 GC heap after
{Heap after GC invocations=647 (full 231):
 garbage-first heap   total 385024K, used 80769K [0x0000000700000000, 0x0000000700100bc0, 0x00000007c0000000)
  region size 1024K, 1 young (1024K), 1 survivors (1024K)
 Metaspace       used 85279K, capacity 91362K, committed 91420K, reserved 1128448K
  class space    used 11507K, capacity 12569K, committed 12572K, reserved 1048576K
}
Event: 2938.993 GC heap before
{Heap before GC invocations=647 (full 231):
 garbage-first heap   total 385024K, used 141185K [0x0000000700000000, 0x0000000700100bc0, 0x00000007c0000000)
  region size 1024K, 60 young (61440K), 1 survivors (1024K)
 Metaspace       used 85281K, capacity 91362K, committed 91420K, reserved 1128448K
  class space    used 11507K, capacity 12569K, committed 12572K, reserved 1048576K
}
Event: 2938.995 GC heap after
{Heap after GC invocations=648 (full 231):
 garbage-first heap   total 385024K, used 80879K [0x0000000700000000, 0x0000000700100bc0, 0x00000007c0000000)
  region size 1024K, 1 young (1024K), 1 survivors (1024K)
 Metaspace       used 85281K, capacity 91362K, committed 91420K, reserved 1128448K
  class space    used 11507K, capacity 12569K, committed 12572K, reserved 1048576K
}
Event: 2978.248 GC heap before
{Heap before GC invocations=648 (full 231):
 garbage-first heap   total 385024K, used 141295K [0x0000000700000000, 0x0000000700100bc0, 0x00000007c0000000)
  region size 1024K, 60 young (61440K), 1 survivors (1024K)
 Metaspace       used 85282K, capacity 91426K, committed 91676K, reserved 1128448K
  class space    used 11507K, capacity 12569K, committed 12572K, reserved 1048576K
}
Event: 2978.250 GC heap after
{Heap after GC invocations=649 (full 231):
 garbage-first heap   total 385024K, used 80890K [0x0000000700000000, 0x0000000700100bc0, 0x00000007c0000000)
  region size 1024K, 1 young (1024K), 1 survivors (1024K)
 Metaspace       used 85282K, capacity 91426K, committed 91676K, reserved 1128448K
  class space    used 11507K, capacity 12569K, committed 12572K, reserved 1048576K
}
Event: 2983.784 GC heap before
{Heap before GC invocations=649 (full 231):
 garbage-first heap   total 385024K, used 141306K [0x0000000700000000, 0x0000000700100bc0, 0x00000007c0000000)
  region size 1024K, 60 young (61440K), 1 survivors (1024K)
 Metaspace       used 85596K, capacity 91752K, committed 92060K, reserved 1128448K
  class space    used 11549K, capacity 12634K, committed 12700K, reserved 1048576K
}
Event: 2983.787 GC heap after
{Heap after GC invocations=650 (full 231):
 garbage-first heap   total 385024K, used 81702K [0x0000000700000000, 0x0000000700100bc0, 0x00000007c0000000)
  region size 1024K, 2 young (2048K), 2 survivors (2048K)
 Metaspace       used 85596K, capacity 91752K, committed 92060K, reserved 1128448K
  class space    used 11549K, capacity 12634K, committed 12700K, reserved 1048576K
}
Event: 2985.716 GC heap before
{Heap before GC invocations=650 (full 231):
 garbage-first heap   total 385024K, used 141094K [0x0000000700000000, 0x0000000700100bc0, 0x00000007c0000000)
  region size 1024K, 60 young (61440K), 2 survivors (2048K)
 Metaspace       used 85613K, capacity 91752K, committed 92060K, reserved 1128448K
  class space    used 11550K, capacity 12634K, committed 12700K, reserved 1048576K
}
Event: 2985.718 GC heap after
{Heap after GC invocations=651 (full 231):
 garbage-first heap   total 385024K, used 81559K [0x0000000700000000, 0x0000000700100bc0, 0x00000007c0000000)
  region size 1024K, 2 young (2048K), 2 survivors (2048K)
 Metaspace       used 85613K, capacity 91752K, committed 92060K, reserved 1128448K
  class space    used 11550K, capacity 12634K, committed 12700K, reserved 1048576K
}

